[26/May/2011:13:21:21 -0700] Server.httpServe: START (EventLoopSimple)
[26/May/2011:13:21:47 -0700] Server.httpServe: SHUTDOWN
[26/May/2011:13:21:47 -0700] Server.httpServe: BACKEND STOPPED
[26/May/2011:13:22:52 -0700] Server.httpServe: START (EventLoopSimple)
[26/May/2011:13:24:18 -0700] Server.httpServe: SHUTDOWN
[26/May/2011:13:24:18 -0700] Server.httpServe: BACKEND STOPPED
[26/May/2011:13:24:35 -0700] Server.httpServe: START (EventLoopSimple)
[26/May/2011:13:25:00 -0700] Server.httpServe: SHUTDOWN
[26/May/2011:13:25:00 -0700] Server.httpServe: BACKEND STOPPED
[17/Jun/2011:10:51:29 -0700] Server.httpServe: START (EventLoopSimple)
[17/Jun/2011:10:52:04 -0700] Server.httpServe: SHUTDOWN
[17/Jun/2011:10:52:04 -0700] Server.httpServe: BACKEND STOPPED
[17/Jun/2011:10:52:16 -0700] Server.httpServe: START (EventLoopSimple)
[17/Jun/2011:10:52:54 -0700] Server.httpServe: SHUTDOWN
[17/Jun/2011:10:52:54 -0700] Server.httpServe: BACKEND STOPPED
[17/Jun/2011:13:24:58 -0700] Server.httpServe: START (EventLoopSimple)
[17/Jun/2011:13:25:44 -0700] Server.httpServe: SHUTDOWN
[17/Jun/2011:13:25:44 -0700] Server.httpServe: BACKEND STOPPED
[17/Jun/2011:14:12:27 -0700] Server.httpServe: START (EventLoopSimple)
[17/Jun/2011:14:13:07 -0700] Server.httpServe: SHUTDOWN
[17/Jun/2011:14:13:07 -0700] Server.httpServe: BACKEND STOPPED
[17/Jun/2011:14:14:42 -0700] Server.httpServe: START (EventLoopSimple)
[17/Jun/2011:14:15:21 -0700] Server.httpServe: SHUTDOWN
[17/Jun/2011:14:15:21 -0700] Server.httpServe: BACKEND STOPPED
[17/Jun/2011:14:16:12 -0700] Server.httpServe: START (EventLoopSimple)
[17/Jun/2011:14:17:37 -0700] Server.httpServe: SHUTDOWN
[17/Jun/2011:14:17:37 -0700] Server.httpServe: BACKEND STOPPED
[17/Jun/2011:14:18:10 -0700] Server.httpServe: START (EventLoopSimple)
[17/Jun/2011:14:18:56 -0700] Server.httpServe: SHUTDOWN
[17/Jun/2011:14:18:56 -0700] Server.httpServe: BACKEND STOPPED
[17/Jun/2011:14:19:18 -0700] Server.httpServe: START (EventLoopSimple)
[17/Jun/2011:14:23:39 -0700] Server.httpServe: SHUTDOWN
[17/Jun/2011:14:23:39 -0700] Server.httpServe: BACKEND STOPPED
[17/Jun/2011:14:24:04 -0700] Server.httpServe: START (EventLoopSimple)
[17/Jun/2011:14:57:22 -0700] Server.httpServe: SHUTDOWN
[17/Jun/2011:14:57:22 -0700] Server.httpServe: BACKEND STOPPED
[17/Jun/2011:14:58:42 -0700] Server.httpServe: START (EventLoopSimple)
[17/Jun/2011:15:10:32 -0700] Server.httpServe: SHUTDOWN
[17/Jun/2011:15:10:32 -0700] Server.httpServe: BACKEND STOPPED
[20/Jun/2011:10:16:08 -0700] Server.httpServe: START (EventLoopSimple)
[20/Jun/2011:13:05:10 -0700] Server.httpServe: SHUTDOWN
[20/Jun/2011:13:05:10 -0700] Server.httpServe: BACKEND STOPPED
[20/Jun/2011:14:16:45 -0700] Server.httpServe: START (EventLoopSimple)
[20/Jun/2011:14:17:47 -0700] Server.httpServe: SHUTDOWN
[20/Jun/2011:14:17:47 -0700] Server.httpServe: BACKEND STOPPED
[20/Jun/2011:14:19:29 -0700] Server.httpServe: START (EventLoopSimple)
[20/Jun/2011:14:22:48 -0700] Server.httpServe: SHUTDOWN
[20/Jun/2011:14:23:27 -0700] Server.httpServe: START (EventLoopSimple)
[20/Jun/2011:14:24:41 -0700] Server.httpServe: SHUTDOWN
[20/Jun/2011:14:24:41 -0700] Server.httpServe: BACKEND STOPPED
[20/Jun/2011:14:44:16 -0700] Server.httpServe: START (EventLoopSimple)
[20/Jun/2011:14:53:33 -0700] Server.httpServe: SHUTDOWN
[20/Jun/2011:14:53:33 -0700] Server.httpServe: BACKEND STOPPED
[20/Jun/2011:14:53:57 -0700] Server.httpServe: START (EventLoopSimple)
[20/Jun/2011:14:56:28 -0700] Server.httpServe: SHUTDOWN
[20/Jun/2011:14:56:28 -0700] Server.httpServe: BACKEND STOPPED
[20/Jun/2011:14:56:51 -0700] Server.httpServe: START (EventLoopSimple)
[20/Jun/2011:14:58:39 -0700] Server.httpServe: SHUTDOWN
[20/Jun/2011:14:58:39 -0700] Server.httpServe: BACKEND STOPPED
[20/Jun/2011:14:59:02 -0700] Server.httpServe: START (EventLoopSimple)
[20/Jun/2011:14:59:26 -0700] Server.httpServe: SHUTDOWN
[20/Jun/2011:14:59:26 -0700] Server.httpServe: BACKEND STOPPED
[20/Jun/2011:16:49:41 -0700] Server.httpServe: START (EventLoopSimple)
[20/Jun/2011:16:49:56 -0700] Server.httpServe: SHUTDOWN
[20/Jun/2011:16:49:56 -0700] Server.httpServe: BACKEND STOPPED
[20/Jun/2011:16:50:19 -0700] Server.httpServe: START (EventLoopSimple)
[20/Jun/2011:16:59:16 -0700] Server.httpServe: SHUTDOWN
[20/Jun/2011:16:59:16 -0700] Server.httpServe: BACKEND STOPPED
[20/Jun/2011:16:59:39 -0700] Server.httpServe: START (EventLoopSimple)
[20/Jun/2011:17:01:52 -0700] Server.httpServe: START (EventLoopSimple)
[20/Jun/2011:17:08:57 -0700] Server.httpServe: SHUTDOWN
[20/Jun/2011:17:08:57 -0700] Server.httpServe: BACKEND STOPPED
[20/Jun/2011:17:16:52 -0700] Server.httpServe: START (EventLoopSimple)
[20/Jun/2011:17:17:26 -0700] Server.httpServe: SHUTDOWN
[20/Jun/2011:17:17:26 -0700] Server.httpServe: BACKEND STOPPED
[21/Jun/2011:10:02:37 -0700] Server.httpServe: START (EventLoopSimple)
[21/Jun/2011:10:11:41 -0700] Server.httpServe: START (EventLoopSimple)
[21/Jun/2011:10:11:51 -0700] Server.httpServe: SHUTDOWN
[21/Jun/2011:10:11:51 -0700] Server.httpServe: BACKEND STOPPED
[21/Jun/2011:10:13:28 -0700] Server.httpServe: START (EventLoopSimple)
[21/Jun/2011:10:13:57 -0700] Server.httpServe: SHUTDOWN
[21/Jun/2011:10:13:57 -0700] Server.httpServe: BACKEND STOPPED
[21/Jun/2011:10:15:35 -0700] Server.httpServe: START (EventLoopSimple)
[21/Jun/2011:10:17:34 -0700] Server.httpServe: SHUTDOWN
[21/Jun/2011:10:17:34 -0700] Server.httpServe: BACKEND STOPPED
[21/Jun/2011:10:19:56 -0700] Server.httpServe: START (EventLoopSimple)
[21/Jun/2011:10:21:00 -0700] Server.httpServe: SHUTDOWN
[21/Jun/2011:10:21:00 -0700] Server.httpServe: BACKEND STOPPED
[21/Jun/2011:10:34:06 -0700] Server.httpServe: START (EventLoopSimple)
[21/Jun/2011:10:38:22 -0700] Server.httpServe: SHUTDOWN
[21/Jun/2011:10:38:22 -0700] Server.httpServe: BACKEND STOPPED
[21/Jun/2011:10:42:09 -0700] Server.httpServe: START (EventLoopSimple)
[21/Jun/2011:11:13:51 -0700] Server.httpServe: SHUTDOWN
[21/Jun/2011:11:13:51 -0700] Server.httpServe: BACKEND STOPPED
[21/Jun/2011:12:41:52 -0700] Server.httpServe: START (EventLoopSimple)
[21/Jun/2011:12:42:03 -0700] Server.httpServe: SHUTDOWN
[21/Jun/2011:12:42:03 -0700] Server.httpServe: BACKEND STOPPED
[21/Jun/2011:12:42:45 -0700] Server.httpServe: START (EventLoopSimple)
[21/Jun/2011:12:48:20 -0700] Server.httpServe: SHUTDOWN
[21/Jun/2011:12:48:20 -0700] Server.httpServe: BACKEND STOPPED
[21/Jun/2011:12:48:54 -0700] Server.httpServe: START (EventLoopSimple)
[21/Jun/2011:12:49:16 -0700] Server.httpServe: SHUTDOWN
[21/Jun/2011:12:49:16 -0700] Server.httpServe: BACKEND STOPPED
[21/Jun/2011:12:50:38 -0700] Server.httpServe: START (EventLoopSimple)
[21/Jun/2011:12:58:34 -0700] Server.httpServe: SHUTDOWN
[21/Jun/2011:12:58:34 -0700] Server.httpServe: BACKEND STOPPED
[21/Jun/2011:12:58:51 -0700] Server.httpServe: START (EventLoopSimple)
[21/Jun/2011:12:59:02 -0700] Server.httpServe: SHUTDOWN
[21/Jun/2011:12:59:02 -0700] Server.httpServe: BACKEND STOPPED
[21/Jun/2011:12:59:20 -0700] Server.httpServe: START (EventLoopSimple)
[21/Jun/2011:13:01:55 -0700] Server.httpServe: SHUTDOWN
[21/Jun/2011:13:01:55 -0700] Server.httpServe: BACKEND STOPPED
[21/Jun/2011:13:02:43 -0700] Server.httpServe: START (EventLoopSimple)
[21/Jun/2011:13:04:01 -0700] Server.httpServe: SHUTDOWN
[21/Jun/2011:13:04:01 -0700] Server.httpServe: BACKEND STOPPED
[21/Jun/2011:13:04:18 -0700] Server.httpServe: START (EventLoopSimple)
[21/Jun/2011:13:05:42 -0700] Server.httpServe: SHUTDOWN
[21/Jun/2011:13:05:42 -0700] Server.httpServe: BACKEND STOPPED
[21/Jun/2011:13:08:55 -0700] Server.httpServe: START (EventLoopSimple)
[21/Jun/2011:13:09:10 -0700] Server.httpServe: SHUTDOWN
[21/Jun/2011:13:09:10 -0700] Server.httpServe: BACKEND STOPPED
[21/Jun/2011:13:09:21 -0700] Server.httpServe: START (EventLoopSimple)
[21/Jun/2011:13:27:51 -0700] Server.httpServe: SHUTDOWN
[21/Jun/2011:13:27:51 -0700] Server.httpServe: BACKEND STOPPED
[21/Jun/2011:15:38:14 -0700] Server.httpServe: START (EventLoopSimple)
[21/Jun/2011:15:38:54 -0700] Server.httpServe: SHUTDOWN
[21/Jun/2011:15:38:54 -0700] Server.httpServe: BACKEND STOPPED
[06/Jul/2011:08:55:56 -0700] Server.httpServe: START (EventLoopSimple)
[06/Jul/2011:09:14:29 -0700] Server.httpServe: SHUTDOWN
[06/Jul/2011:09:14:29 -0700] Server.httpServe: BACKEND STOPPED
[06/Jul/2011:09:24:53 -0700] Server.httpServe: START (EventLoopSimple)
[06/Jul/2011:09:52:02 -0700] Server.httpServe: SHUTDOWN
[06/Jul/2011:09:52:02 -0700] Server.httpServe: BACKEND STOPPED
[06/Jul/2011:10:21:25 -0700] Server.httpServe: START (EventLoopSimple)
[06/Jul/2011:10:22:13 -0700] Server.httpServe: SHUTDOWN
[06/Jul/2011:10:22:13 -0700] Server.httpServe: BACKEND STOPPED
[06/Jul/2011:10:23:22 -0700] Server.httpServe: START (EventLoopSimple)
[06/Jul/2011:10:23:41 -0700] Server.httpServe: SHUTDOWN
[06/Jul/2011:10:23:41 -0700] Server.httpServe: BACKEND STOPPED
[06/Jul/2011:10:24:06 -0700] Server.httpServe: START (EventLoopSimple)
[06/Jul/2011:10:27:40 -0700] Server.httpServe: SHUTDOWN
[06/Jul/2011:10:27:40 -0700] Server.httpServe: BACKEND STOPPED
[06/Jul/2011:10:28:03 -0700] Server.httpServe: START (EventLoopSimple)
[06/Jul/2011:10:31:17 -0700] Server.httpServe: SHUTDOWN
[06/Jul/2011:10:31:17 -0700] Server.httpServe: BACKEND STOPPED
[06/Jul/2011:10:32:07 -0700] Server.httpServe: START (EventLoopSimple)
[06/Jul/2011:10:34:33 -0700] Server.httpServe: SHUTDOWN
[06/Jul/2011:10:34:33 -0700] Server.httpServe: BACKEND STOPPED
[06/Jul/2011:10:35:48 -0700] Server.httpServe: START (EventLoopSimple)
[06/Jul/2011:10:36:51 -0700] Server.httpServe: SHUTDOWN
[06/Jul/2011:10:36:51 -0700] Server.httpServe: BACKEND STOPPED
[06/Jul/2011:12:49:13 -0700] Server.httpServe: START (EventLoopSimple)
[06/Jul/2011:12:53:17 -0700] Server.httpServe: SHUTDOWN
[06/Jul/2011:12:53:17 -0700] Server.httpServe: BACKEND STOPPED
[06/Jul/2011:12:53:34 -0700] Server.httpServe: START (EventLoopSimple)
[06/Jul/2011:12:54:28 -0700] Server.httpServe: SHUTDOWN
[06/Jul/2011:12:54:28 -0700] Server.httpServe: BACKEND STOPPED
[06/Jul/2011:13:19:24 -0700] Server.httpServe: START (EventLoopSimple)
[06/Jul/2011:13:22:31 -0700] Server.httpServe: SHUTDOWN
[06/Jul/2011:13:22:31 -0700] Server.httpServe: BACKEND STOPPED
[06/Jul/2011:13:22:53 -0700] Server.httpServe: START (EventLoopSimple)
[06/Jul/2011:13:23:49 -0700] Server.httpServe: SHUTDOWN
[06/Jul/2011:13:23:49 -0700] Server.httpServe: BACKEND STOPPED
[06/Jul/2011:13:24:12 -0700] Server.httpServe: START (EventLoopSimple)
[06/Jul/2011:13:25:20 -0700] Server.httpServe: SHUTDOWN
[06/Jul/2011:13:25:20 -0700] Server.httpServe: BACKEND STOPPED
[06/Jul/2011:13:58:34 -0700] Server.httpServe: START (EventLoopSimple)
[06/Jul/2011:15:08:56 -0700] Server.httpServe: SHUTDOWN
[06/Jul/2011:15:08:56 -0700] Server.httpServe: BACKEND STOPPED
[06/Jul/2011:15:08:56 -0700] Server.httpServe: START (EventLoopSimple)
[06/Jul/2011:15:09:30 -0700] Server.httpServe: START (EventLoopSimple)
[06/Jul/2011:15:10:02 -0700] Server.httpServe: SHUTDOWN
[06/Jul/2011:15:10:02 -0700] Server.httpServe: BACKEND STOPPED
[07/Jul/2011:16:33:50 -0700] Server.httpServe: START (EventLoopSimple)
[07/Jul/2011:16:34:08 -0700] Server.httpServe: SHUTDOWN
[07/Jul/2011:16:34:08 -0700] Server.httpServe: BACKEND STOPPED
[11/Jul/2011:13:46:42 -0700] Server.httpServe: START (EventLoopSimple)
[11/Jul/2011:16:09:34 -0700] Server.httpServe: SHUTDOWN
[11/Jul/2011:16:09:34 -0700] Server.httpServe: BACKEND STOPPED
[13/Jul/2011:09:48:38 -0700] Server.httpServe: START (EventLoopSimple)
[13/Jul/2011:09:49:03 -0700] Server.httpServe: SHUTDOWN
[13/Jul/2011:09:49:03 -0700] Server.httpServe: BACKEND STOPPED
