[26/May/2011:13:21:21 -0700] Server.httpServe: START (EventLoopSimple)
[26/May/2011:13:21:47 -0700] Server.httpServe: SHUTDOWN
[26/May/2011:13:21:47 -0700] Server.httpServe: BACKEND STOPPED
[26/May/2011:13:22:52 -0700] Server.httpServe: START (EventLoopSimple)
[26/May/2011:13:24:18 -0700] Server.httpServe: SHUTDOWN
[26/May/2011:13:24:18 -0700] Server.httpServe: BACKEND STOPPED
[26/May/2011:13:24:35 -0700] Server.httpServe: START (EventLoopSimple)
[26/May/2011:13:25:00 -0700] Server.httpServe: SHUTDOWN
[26/May/2011:13:25:00 -0700] Server.httpServe: BACKEND STOPPED
[17/Jun/2011:10:51:29 -0700] Server.httpServe: START (EventLoopSimple)
[17/Jun/2011:10:52:04 -0700] Server.httpServe: SHUTDOWN
[17/Jun/2011:10:52:04 -0700] Server.httpServe: BACKEND STOPPED
[17/Jun/2011:10:52:16 -0700] Server.httpServe: START (EventLoopSimple)
[17/Jun/2011:10:52:54 -0700] Server.httpServe: SHUTDOWN
[17/Jun/2011:10:52:54 -0700] Server.httpServe: BACKEND STOPPED
[17/Jun/2011:13:24:58 -0700] Server.httpServe: START (EventLoopSimple)
[17/Jun/2011:13:25:44 -0700] Server.httpServe: SHUTDOWN
[17/Jun/2011:13:25:44 -0700] Server.httpServe: BACKEND STOPPED
[17/Jun/2011:14:12:27 -0700] Server.httpServe: START (EventLoopSimple)
[17/Jun/2011:14:13:07 -0700] Server.httpServe: SHUTDOWN
[17/Jun/2011:14:13:07 -0700] Server.httpServe: BACKEND STOPPED
[17/Jun/2011:14:14:42 -0700] Server.httpServe: START (EventLoopSimple)
[17/Jun/2011:14:15:21 -0700] Server.httpServe: SHUTDOWN
[17/Jun/2011:14:15:21 -0700] Server.httpServe: BACKEND STOPPED
[17/Jun/2011:14:16:12 -0700] Server.httpServe: START (EventLoopSimple)
[17/Jun/2011:14:17:37 -0700] Server.httpServe: SHUTDOWN
[17/Jun/2011:14:17:37 -0700] Server.httpServe: BACKEND STOPPED
[17/Jun/2011:14:18:10 -0700] Server.httpServe: START (EventLoopSimple)
[17/Jun/2011:14:18:56 -0700] Server.httpServe: SHUTDOWN
[17/Jun/2011:14:18:56 -0700] Server.httpServe: BACKEND STOPPED
[17/Jun/2011:14:19:18 -0700] Server.httpServe: START (EventLoopSimple)
[17/Jun/2011:14:23:39 -0700] Server.httpServe: SHUTDOWN
[17/Jun/2011:14:23:39 -0700] Server.httpServe: BACKEND STOPPED
[17/Jun/2011:14:24:04 -0700] Server.httpServe: START (EventLoopSimple)
[17/Jun/2011:14:57:22 -0700] Server.httpServe: SHUTDOWN
[17/Jun/2011:14:57:22 -0700] Server.httpServe: BACKEND STOPPED
[17/Jun/2011:14:58:42 -0700] Server.httpServe: START (EventLoopSimple)
[17/Jun/2011:15:10:32 -0700] Server.httpServe: SHUTDOWN
[17/Jun/2011:15:10:32 -0700] Server.httpServe: BACKEND STOPPED
[20/Jun/2011:10:16:08 -0700] Server.httpServe: START (EventLoopSimple)
[20/Jun/2011:13:05:10 -0700] Server.httpServe: SHUTDOWN
[20/Jun/2011:13:05:10 -0700] Server.httpServe: BACKEND STOPPED
[20/Jun/2011:14:16:45 -0700] Server.httpServe: START (EventLoopSimple)
[20/Jun/2011:14:17:47 -0700] Server.httpServe: SHUTDOWN
[20/Jun/2011:14:17:47 -0700] Server.httpServe: BACKEND STOPPED
[20/Jun/2011:14:19:29 -0700] Server.httpServe: START (EventLoopSimple)
[20/Jun/2011:14:22:48 -0700] Server.httpServe: SHUTDOWN
[20/Jun/2011:14:23:27 -0700] Server.httpServe: START (EventLoopSimple)
[20/Jun/2011:14:24:41 -0700] Server.httpServe: SHUTDOWN
[20/Jun/2011:14:24:41 -0700] Server.httpServe: BACKEND STOPPED
[20/Jun/2011:14:44:16 -0700] Server.httpServe: START (EventLoopSimple)
[20/Jun/2011:14:53:33 -0700] Server.httpServe: SHUTDOWN
[20/Jun/2011:14:53:33 -0700] Server.httpServe: BACKEND STOPPED
[20/Jun/2011:14:53:57 -0700] Server.httpServe: START (EventLoopSimple)
[20/Jun/2011:14:56:28 -0700] Server.httpServe: SHUTDOWN
[20/Jun/2011:14:56:28 -0700] Server.httpServe: BACKEND STOPPED
[20/Jun/2011:14:56:51 -0700] Server.httpServe: START (EventLoopSimple)
[20/Jun/2011:14:58:39 -0700] Server.httpServe: SHUTDOWN
[20/Jun/2011:14:58:39 -0700] Server.httpServe: BACKEND STOPPED
[20/Jun/2011:14:59:02 -0700] Server.httpServe: START (EventLoopSimple)
[20/Jun/2011:14:59:26 -0700] Server.httpServe: SHUTDOWN
[20/Jun/2011:14:59:26 -0700] Server.httpServe: BACKEND STOPPED
[20/Jun/2011:16:49:41 -0700] Server.httpServe: START (EventLoopSimple)
[20/Jun/2011:16:49:56 -0700] Server.httpServe: SHUTDOWN
[20/Jun/2011:16:49:56 -0700] Server.httpServe: BACKEND STOPPED
[20/Jun/2011:16:50:19 -0700] Server.httpServe: START (EventLoopSimple)
[20/Jun/2011:16:59:16 -0700] Server.httpServe: SHUTDOWN
[20/Jun/2011:16:59:16 -0700] Server.httpServe: BACKEND STOPPED
[20/Jun/2011:16:59:39 -0700] Server.httpServe: START (EventLoopSimple)
[20/Jun/2011:17:01:52 -0700] Server.httpServe: START (EventLoopSimple)
[20/Jun/2011:17:08:57 -0700] Server.httpServe: SHUTDOWN
[20/Jun/2011:17:08:57 -0700] Server.httpServe: BACKEND STOPPED
[20/Jun/2011:17:16:52 -0700] Server.httpServe: START (EventLoopSimple)
[20/Jun/2011:17:17:26 -0700] Server.httpServe: SHUTDOWN
[20/Jun/2011:17:17:26 -0700] Server.httpServe: BACKEND STOPPED
[21/Jun/2011:10:02:37 -0700] Server.httpServe: START (EventLoopSimple)
[21/Jun/2011:10:11:41 -0700] Server.httpServe: START (EventLoopSimple)
[21/Jun/2011:10:11:51 -0700] Server.httpServe: SHUTDOWN
[21/Jun/2011:10:11:51 -0700] Server.httpServe: BACKEND STOPPED
[21/Jun/2011:10:13:28 -0700] Server.httpServe: START (EventLoopSimple)
[21/Jun/2011:10:13:57 -0700] Server.httpServe: SHUTDOWN
[21/Jun/2011:10:13:57 -0700] Server.httpServe: BACKEND STOPPED
[21/Jun/2011:10:15:35 -0700] Server.httpServe: START (EventLoopSimple)
[21/Jun/2011:10:17:34 -0700] Server.httpServe: SHUTDOWN
[21/Jun/2011:10:17:34 -0700] Server.httpServe: BACKEND STOPPED
[21/Jun/2011:10:19:56 -0700] Server.httpServe: START (EventLoopSimple)
[21/Jun/2011:10:21:00 -0700] Server.httpServe: SHUTDOWN
[21/Jun/2011:10:21:00 -0700] Server.httpServe: BACKEND STOPPED
[21/Jun/2011:10:34:06 -0700] Server.httpServe: START (EventLoopSimple)
[21/Jun/2011:10:38:22 -0700] Server.httpServe: SHUTDOWN
[21/Jun/2011:10:38:22 -0700] Server.httpServe: BACKEND STOPPED
[21/Jun/2011:10:42:09 -0700] Server.httpServe: START (EventLoopSimple)
[21/Jun/2011:11:13:51 -0700] Server.httpServe: SHUTDOWN
[21/Jun/2011:11:13:51 -0700] Server.httpServe: BACKEND STOPPED
